d:\users\72165048\tools\project1\project1\x64\debug\vc143.pdb
d:\users\72165048\tools\project1\project1\x64\debug\vc143.idb
d:\users\72165048\tools\project1\project1\x64\debug\test_0524_string_func.obj
d:\users\72165048\tools\project1\project1\x64\debug\test_0523_pointer.obj
d:\users\72165048\tools\project1\project1\x64\debug\test_0522_goto.obj
d:\users\72165048\tools\project1\project1\x64\debug\test_0522_func.obj
d:\users\72165048\tools\project1\project1\x64\debug\test_0519_struct.obj
d:\users\72165048\tools\project1\project1\x64\debug\test_0519_data_storage.obj
d:\users\72165048\tools\project1\project1\x64\debug\test_0518_pointer.obj
d:\users\72165048\tools\project1\project1\x64\debug\test_0517_operators.obj
d:\users\72165048\tools\project1\project1\x64\debug\test_0517_array.obj
d:\users\72165048\tools\project1\project1\x64\debug\test_0515_while.obj
d:\users\72165048\tools\project1\project1\x64\debug\test_0515_switch.obj
d:\users\72165048\tools\project1\project1\x64\debug\test_0515_ifelse.obj
d:\users\72165048\tools\project1\project1\x64\debug\test_0516_train.obj
d:\users\72165048\tools\project1\project1\x64\debug\test_0511_array.obj
d:\users\72165048\tools\project1\project1\x64\debug\test_0510_goto.obj
d:\users\72165048\tools\project1\project1\x64\debug\test_0510_func.obj
d:\users\72165048\tools\project1\project1\x64\debug\test_0510_do_while.obj
d:\users\72165048\tools\project1\project1\x64\debug\test_0509_for.obj
d:\users\72165048\tools\project1\project1\x64\debug\test1.obj
d:\users\72165048\tools\project1\project1\x64\debug\add.obj
d:\users\72165048\tools\project1\project1\x64\debug\test_while.obj
d:\users\72165048\tools\project1\project1\x64\debug\test_file.obj
d:\users\72165048\tools\project1\project1\x64\debug\test_0529_func3.obj
d:\users\72165048\tools\project1\project1\x64\debug\test_0525_func2.obj
d:\users\72165048\tools\project1\project1\x64\debug\test.obj
d:\users\72165048\tools\project1\project1\x64\debug\test_0509.obj
d:\users\72165048\tools\project1\project1\x64\debug\add1.obj
d:\users\72165048\tools\project1\project1\x64\debug\test_0529_func_recursion.obj
d:\users\72165048\tools\project1\project1\x64\debug\test_0530_func_recursion.obj
d:\users\72165048\tools\project1\project1\x64\debug\test_0531_func_recursion.obj
d:\users\72165048\tools\project1\project1\x64\debug\test_0601_func_train.obj
d:\users\72165048\tools\project1\project1\x64\debug\test_0605_array.obj
d:\users\72165048\tools\project1\project1\x64\debug\test_0712_pointer.obj
d:\users\72165048\tools\project1\project1\x64\debug\test_0714_leetcode_26.obj
d:\users\72165048\tools\project1\project1\x64\debug\test_0717_leetcode_415.obj
d:\users\72165048\tools\project1\project1\x64\debug\test_0717_leetcode_35.obj
d:\users\72165048\tools\project1\project1\x64\debug\test_0718_leetcode_198.obj
d:\users\72165048\tools\project1\x64\debug\project1.exe
d:\users\72165048\tools\project1\project1\x64\debug\project1.ilk
d:\users\72165048\tools\project1\x64\debug\project1.pdb
d:\users\72165048\tools\project1\project1\x64\debug\test_0605_array.obj.enc
d:\users\72165048\tools\project1\project1\x64\debug\project1.tlog\cl.command.1.tlog
d:\users\72165048\tools\project1\project1\x64\debug\project1.tlog\cl.read.1.tlog
d:\users\72165048\tools\project1\project1\x64\debug\project1.tlog\cl.write.1.tlog
d:\users\72165048\tools\project1\project1\x64\debug\project1.tlog\link.command.1.tlog
d:\users\72165048\tools\project1\project1\x64\debug\project1.tlog\link.read.1.tlog
d:\users\72165048\tools\project1\project1\x64\debug\project1.tlog\link.write.1.tlog
